android/build/app/intermediates/manifest_merge_blame_file/debug/processDebugMainManifest/manifest-merger-blame-debug-report.txt
1<?xml version="1.0" encoding="utf-8"?>
2<manifest xmlns:android="http://schemas.android.com/apk/res/android"
3    package="com.example.weddinghall"
4    android:versionCode="1"
5    android:versionName="1.0.0" >
6
7    <uses-sdk
8        android:minSdkVersion="24"
9        android:targetSdkVersion="35" />
10    <!--
11         The INTERNET permission is required for development. Specifically,
12         the Flutter tool needs it to communicate with the running application
13         to allow setting breakpoints, to provide hot reload, etc.
14    -->
15    <uses-permission android:name="android.permission.INTERNET" />
15-->src\main\AndroidManifest.xml:10:1-62
15-->src\main\AndroidManifest.xml:10:18-60
16    <uses-permission android:name="android.permission.READ_EXTERNAL_STORAGE" />
16-->src\main\AndroidManifest.xml:5:1-75
16-->src\main\AndroidManifest.xml:5:18-73
17    <uses-permission android:name="android.permission.WRITE_EXTERNAL_STORAGE" />
17-->src\main\AndroidManifest.xml:6:1-76
17-->src\main\AndroidManifest.xml:6:18-74
18    <uses-permission android:name="android.permission.RECORD_AUDIO" />
18-->src\main\AndroidManifest.xml:7:1-67
18-->src\main\AndroidManifest.xml:7:18-64
19    <uses-permission android:name="android.permission.READ_CONTACTS" />
19-->src\main\AndroidManifest.xml:8:1-68
19-->src\main\AndroidManifest.xml:8:18-65
20    <uses-permission android:name="android.permission.WRITE_CONTACTS" />
20-->src\main\AndroidManifest.xml:9:1-69
20-->src\main\AndroidManifest.xml:9:18-66
21    <uses-permission android:name="android.permission.QUERY_ALL_PACKAGES" />
21-->src\main\AndroidManifest.xml:11:1-115
21-->src\main\AndroidManifest.xml:11:18-70
22    <!--
23 Required to query activities that can process text, see:
24         https://developer.android.com/training/package-visibility and
25         https://developer.android.com/reference/android/content/Intent#ACTION_PROCESS_TEXT.
26
27         In particular, this is used by the Flutter engine in io.flutter.plugin.text.ProcessTextPlugin.
28    -->
29    <!-- Provide required visibility configuration for API level 30 and above -->
30    <queries>
30-->src\main\AndroidManifest.xml:66:1-90:11
31        <intent>
31-->src\main\AndroidManifest.xml:67:2-70:18
32            <action android:name="android.intent.action.SEND" />
32-->src\main\AndroidManifest.xml:68:13-65
32-->src\main\AndroidManifest.xml:68:21-62
33
34            <data android:scheme="mailto" />
34-->src\main\AndroidManifest.xml:69:13-45
34-->src\main\AndroidManifest.xml:69:19-42
35        </intent>
36        <intent>
36-->src\main\AndroidManifest.xml:71:3-75:18
37            <action android:name="android.intent.action.PROCESS_TEXT" />
37-->src\main\AndroidManifest.xml:72:13-72
37-->src\main\AndroidManifest.xml:72:21-70
38
39            <data android:mimeType="text/plain" />
39-->src\main\AndroidManifest.xml:69:13-45
40        </intent>
41        <!-- If your app checks for SMS support -->
42        <intent>
42-->src\main\AndroidManifest.xml:77:3-80:12
43            <action android:name="android.intent.action.VIEW" />
43-->src\main\AndroidManifest.xml:78:5-57
43-->src\main\AndroidManifest.xml:78:13-54
44
45            <data android:scheme="sms" />
45-->src\main\AndroidManifest.xml:69:13-45
45-->src\main\AndroidManifest.xml:69:19-42
46        </intent>
47        <!-- If your app checks for call support -->
48        <intent>
48-->src\main\AndroidManifest.xml:82:3-85:12
49            <action android:name="android.intent.action.VIEW" />
49-->src\main\AndroidManifest.xml:78:5-57
49-->src\main\AndroidManifest.xml:78:13-54
50
51            <data android:scheme="tel" />
51-->src\main\AndroidManifest.xml:69:13-45
51-->src\main\AndroidManifest.xml:69:19-42
52        </intent>
53        <!-- If your application checks for inAppBrowserView launch mode support -->
54        <intent>
54-->src\main\AndroidManifest.xml:87:3-89:12
55            <action android:name="android.support.customtabs.action.CustomTabsService" />
55-->src\main\AndroidManifest.xml:88:5-82
55-->src\main\AndroidManifest.xml:88:13-79
56        </intent>
57        <intent>
57-->[:file_picker] AndroidManifest.xml:8:9-12:18
58            <action android:name="android.intent.action.GET_CONTENT" />
58-->[:file_picker] AndroidManifest.xml:9:13-72
58-->[:file_picker] AndroidManifest.xml:9:21-69
59
60            <data android:mimeType="*/*" />
60-->src\main\AndroidManifest.xml:69:13-45
61        </intent>
62        <intent>
62-->[androidx.media:media:1.4.1] AndroidManifest.xml:25:9-27:18
63            <action android:name="android.media.browse.MediaBrowserService" />
63-->[androidx.media:media:1.4.1] AndroidManifest.xml:26:13-79
63-->[androidx.media:media:1.4.1] AndroidManifest.xml:26:21-76
64        </intent>
65    </queries>
66
67    <uses-permission android:name="android.permission.WAKE_LOCK" />
67-->[:firebase_messaging] AndroidManifest.xml:8:5-68
67-->[:firebase_messaging] AndroidManifest.xml:8:22-65
68    <uses-permission android:name="android.permission.ACCESS_NETWORK_STATE" /> <!-- Permissions options for the `notification` group -->
68-->[:firebase_messaging] AndroidManifest.xml:9:5-79
68-->[:firebase_messaging] AndroidManifest.xml:9:22-76
69    <uses-permission android:name="android.permission.POST_NOTIFICATIONS" /> <!-- Required by older versions of Google Play services to create IID tokens -->
69-->[:firebase_messaging] AndroidManifest.xml:11:5-77
69-->[:firebase_messaging] AndroidManifest.xml:11:22-74
70    <uses-permission android:name="com.google.android.c2dm.permission.RECEIVE" />
70-->[com.google.firebase:firebase-messaging:24.1.1] AndroidManifest.xml:26:5-82
70-->[com.google.firebase:firebase-messaging:24.1.1] AndroidManifest.xml:26:22-79
71    <uses-permission android:name="android.permission.VIBRATE" />
71-->[:flutter_local_notifications] AndroidManifest.xml:7:5-66
71-->[:flutter_local_notifications] AndroidManifest.xml:7:22-63
72    <uses-permission android:name="android.permission.BLUETOOTH" />
72-->[com.github.canardoux:flutter_sound_core:9.28.0] AndroidManifest.xml:7:5-68
72-->[com.github.canardoux:flutter_sound_core:9.28.0] AndroidManifest.xml:7:22-65
73    <uses-permission android:name="android.permission.MODIFY_AUDIO_SETTINGS" />
73-->[com.github.canardoux:flutter_sound_core:9.28.0] AndroidManifest.xml:9:5-80
73-->[com.github.canardoux:flutter_sound_core:9.28.0] AndroidManifest.xml:9:22-77
74    <uses-permission android:name="Manifest.permission.CAPTURE_AUDIO_OUTPUT" />
74-->[com.github.canardoux:flutter_sound_core:9.28.0] AndroidManifest.xml:11:5-80
74-->[com.github.canardoux:flutter_sound_core:9.28.0] AndroidManifest.xml:11:22-77
75    <uses-permission android:name="com.google.android.providers.gsf.permission.READ_GSERVICES" />
75-->[com.google.android.recaptcha:recaptcha:18.6.1] AndroidManifest.xml:9:5-98
75-->[com.google.android.recaptcha:recaptcha:18.6.1] AndroidManifest.xml:9:22-95
76
77    <permission
77-->[androidx.core:core:1.15.0] AndroidManifest.xml:22:5-24:47
78        android:name="com.example.weddinghall.DYNAMIC_RECEIVER_NOT_EXPORTED_PERMISSION"
78-->[androidx.core:core:1.15.0] AndroidManifest.xml:23:9-81
79        android:protectionLevel="signature" />
79-->[androidx.core:core:1.15.0] AndroidManifest.xml:24:9-44
80
81    <uses-permission android:name="com.example.weddinghall.DYNAMIC_RECEIVER_NOT_EXPORTED_PERMISSION" />
81-->[androidx.core:core:1.15.0] AndroidManifest.xml:26:5-97
81-->[androidx.core:core:1.15.0] AndroidManifest.xml:26:22-94
82
83    <application
84        android:name="android.app.Application"
85        android:appComponentFactory="androidx.core.app.CoreComponentFactory"
85-->[androidx.core:core:1.15.0] AndroidManifest.xml:28:18-86
86        android:debuggable="true"
87        android:extractNativeLibs="false"
88        android:hardwareAccelerated="false"
89        android:icon="@mipmap/launcher_icon"
90        android:label="HiEvent" >
91        <provider
92            android:name="androidx.core.content.FileProvider"
93            android:authorities="com.example.weddinghall.provider"
94            android:exported="false"
95            android:grantUriPermissions="true" >
96            <meta-data
97                android:name="android.support.FILE_PROVIDER_PATHS"
98                android:resource="@xml/file_paths" />
99        </provider>
100
101        <activity
102            android:name="com.example.weddinghall.MainActivity"
103            android:configChanges="orientation|keyboardHidden|keyboard|screenSize|smallestScreenSize|locale|layoutDirection|fontScale|screenLayout|density|uiMode"
104            android:exported="true"
105            android:hardwareAccelerated="true"
106            android:launchMode="singleTop"
107            android:screenOrientation="portrait"
108            android:taskAffinity=""
109            android:theme="@style/LaunchTheme"
110            android:windowSoftInputMode="adjustResize" >
111
112            <!--
113                 Specifies an Android theme to apply to this Activity as soon as
114                 the Android process has started. This theme is visible to the user
115                 while the Flutter UI initializes. After that, this theme continues
116                 to determine the Window background behind the Flutter UI.
117            -->
118            <meta-data
119                android:name="io.flutter.embedding.android.NormalTheme"
120                android:resource="@style/NormalTheme" />
121
122            <intent-filter>
123                <action android:name="android.intent.action.MAIN" />
124
125                <category android:name="android.intent.category.LAUNCHER" />
126            </intent-filter>
127        </activity>
128        <!--
129             Don't delete the meta-data below.
130             This is used by the Flutter tool to generate GeneratedPluginRegistrant.java
131        -->
132        <meta-data
133            android:name="flutterEmbedding"
134            android:value="2" />
135
136        <service
136-->[:firebase_auth] AndroidManifest.xml:8:9-12:19
137            android:name="com.google.firebase.components.ComponentDiscoveryService"
137-->[:firebase_auth] AndroidManifest.xml:8:18-89
138            android:directBootAware="true"
138-->[com.google.firebase:firebase-common:21.0.0] AndroidManifest.xml:32:13-43
139            android:exported="false" >
139-->[com.google.firebase:firebase-auth:23.2.0] AndroidManifest.xml:68:13-37
140            <meta-data
140-->[:firebase_auth] AndroidManifest.xml:9:13-11:85
141                android:name="com.google.firebase.components:io.flutter.plugins.firebase.auth.FlutterFirebaseAuthRegistrar"
141-->[:firebase_auth] AndroidManifest.xml:10:17-124
142                android:value="com.google.firebase.components.ComponentRegistrar" />
142-->[:firebase_auth] AndroidManifest.xml:11:17-82
143            <meta-data
143-->[:cloud_firestore] AndroidManifest.xml:9:13-11:85
144                android:name="com.google.firebase.components:io.flutter.plugins.firebase.firestore.FlutterFirebaseFirestoreRegistrar"
144-->[:cloud_firestore] AndroidManifest.xml:10:17-134
145                android:value="com.google.firebase.components.ComponentRegistrar" />
145-->[:cloud_firestore] AndroidManifest.xml:11:17-82
146            <meta-data
146-->[:firebase_database] AndroidManifest.xml:9:13-11:85
147                android:name="com.google.firebase.components:io.flutter.plugins.firebase.database.FlutterFirebaseAppRegistrar"
147-->[:firebase_database] AndroidManifest.xml:10:17-127
148                android:value="com.google.firebase.components.ComponentRegistrar" />
148-->[:firebase_database] AndroidManifest.xml:11:17-82
149            <meta-data
149-->[:firebase_messaging] AndroidManifest.xml:36:13-38:85
150                android:name="com.google.firebase.components:io.flutter.plugins.firebase.messaging.FlutterFirebaseAppRegistrar"
150-->[:firebase_messaging] AndroidManifest.xml:37:17-128
151                android:value="com.google.firebase.components.ComponentRegistrar" />
151-->[:firebase_messaging] AndroidManifest.xml:38:17-82
152            <meta-data
152-->[:firebase_storage] AndroidManifest.xml:9:13-11:85
153                android:name="com.google.firebase.components:io.flutter.plugins.firebase.storage.FlutterFirebaseAppRegistrar"
153-->[:firebase_storage] AndroidManifest.xml:10:17-126
154                android:value="com.google.firebase.components.ComponentRegistrar" />
154-->[:firebase_storage] AndroidManifest.xml:11:17-82
155            <meta-data
155-->[:firebase_core] AndroidManifest.xml:9:13-11:85
156                android:name="com.google.firebase.components:io.flutter.plugins.firebase.core.FlutterFirebaseCoreRegistrar"
156-->[:firebase_core] AndroidManifest.xml:10:17-124
157                android:value="com.google.firebase.components.ComponentRegistrar" />
157-->[:firebase_core] AndroidManifest.xml:11:17-82
158            <meta-data
158-->[com.google.firebase:firebase-auth:23.2.0] AndroidManifest.xml:69:13-71:85
159                android:name="com.google.firebase.components:com.google.firebase.auth.FirebaseAuthRegistrar"
159-->[com.google.firebase:firebase-auth:23.2.0] AndroidManifest.xml:70:17-109
160                android:value="com.google.firebase.components.ComponentRegistrar" />
160-->[com.google.firebase:firebase-auth:23.2.0] AndroidManifest.xml:71:17-82
161            <meta-data
161-->[com.google.firebase:firebase-database:21.0.0] AndroidManifest.xml:29:13-31:85
162                android:name="com.google.firebase.components:com.google.firebase.database.FirebaseDatabaseKtxRegistrar"
162-->[com.google.firebase:firebase-database:21.0.0] AndroidManifest.xml:30:17-120
163                android:value="com.google.firebase.components.ComponentRegistrar" />
163-->[com.google.firebase:firebase-database:21.0.0] AndroidManifest.xml:31:17-82
164            <meta-data
164-->[com.google.firebase:firebase-database:21.0.0] AndroidManifest.xml:32:13-34:85
165                android:name="com.google.firebase.components:com.google.firebase.database.DatabaseRegistrar"
165-->[com.google.firebase:firebase-database:21.0.0] AndroidManifest.xml:33:17-109
166                android:value="com.google.firebase.components.ComponentRegistrar" />
166-->[com.google.firebase:firebase-database:21.0.0] AndroidManifest.xml:34:17-82
167            <meta-data
167-->[com.google.firebase:firebase-firestore:25.1.3] AndroidManifest.xml:17:13-19:85
168                android:name="com.google.firebase.components:com.google.firebase.firestore.FirebaseFirestoreKtxRegistrar"
168-->[com.google.firebase:firebase-firestore:25.1.3] AndroidManifest.xml:18:17-122
169                android:value="com.google.firebase.components.ComponentRegistrar" />
169-->[com.google.firebase:firebase-firestore:25.1.3] AndroidManifest.xml:19:17-82
170            <meta-data
170-->[com.google.firebase:firebase-firestore:25.1.3] AndroidManifest.xml:20:13-22:85
171                android:name="com.google.firebase.components:com.google.firebase.firestore.FirestoreRegistrar"
171-->[com.google.firebase:firebase-firestore:25.1.3] AndroidManifest.xml:21:17-111
172                android:value="com.google.firebase.components.ComponentRegistrar" />
172-->[com.google.firebase:firebase-firestore:25.1.3] AndroidManifest.xml:22:17-82
173            <meta-data
173-->[com.google.firebase:firebase-messaging:24.1.1] AndroidManifest.xml:57:13-59:85
174                android:name="com.google.firebase.components:com.google.firebase.messaging.FirebaseMessagingKtxRegistrar"
174-->[com.google.firebase:firebase-messaging:24.1.1] AndroidManifest.xml:58:17-122
175                android:value="com.google.firebase.components.ComponentRegistrar" />
175-->[com.google.firebase:firebase-messaging:24.1.1] AndroidManifest.xml:59:17-82
176            <meta-data
176-->[com.google.firebase:firebase-messaging:24.1.1] AndroidManifest.xml:60:13-62:85
177                android:name="com.google.firebase.components:com.google.firebase.messaging.FirebaseMessagingRegistrar"
177-->[com.google.firebase:firebase-messaging:24.1.1] AndroidManifest.xml:61:17-119
178                android:value="com.google.firebase.components.ComponentRegistrar" />
178-->[com.google.firebase:firebase-messaging:24.1.1] AndroidManifest.xml:62:17-82
179            <meta-data
179-->[com.google.firebase:firebase-storage:21.0.1] AndroidManifest.xml:30:13-32:85
180                android:name="com.google.firebase.components:com.google.firebase.storage.FirebaseStorageKtxRegistrar"
180-->[com.google.firebase:firebase-storage:21.0.1] AndroidManifest.xml:31:17-118
181                android:value="com.google.firebase.components.ComponentRegistrar" />
181-->[com.google.firebase:firebase-storage:21.0.1] AndroidManifest.xml:32:17-82
182            <meta-data
182-->[com.google.firebase:firebase-storage:21.0.1] AndroidManifest.xml:33:13-35:85
183                android:name="com.google.firebase.components:com.google.firebase.storage.StorageRegistrar"
183-->[com.google.firebase:firebase-storage:21.0.1] AndroidManifest.xml:34:17-107
184                android:value="com.google.firebase.components.ComponentRegistrar" />
184-->[com.google.firebase:firebase-storage:21.0.1] AndroidManifest.xml:35:17-82
185            <meta-data
185-->[com.google.firebase:firebase-installations:18.0.0] AndroidManifest.xml:15:13-17:85
186                android:name="com.google.firebase.components:com.google.firebase.installations.FirebaseInstallationsKtxRegistrar"
186-->[com.google.firebase:firebase-installations:18.0.0] AndroidManifest.xml:16:17-130
187                android:value="com.google.firebase.components.ComponentRegistrar" />
187-->[com.google.firebase:firebase-installations:18.0.0] AndroidManifest.xml:17:17-82
188            <meta-data
188-->[com.google.firebase:firebase-installations:18.0.0] AndroidManifest.xml:18:13-20:85
189                android:name="com.google.firebase.components:com.google.firebase.installations.FirebaseInstallationsRegistrar"
189-->[com.google.firebase:firebase-installations:18.0.0] AndroidManifest.xml:19:17-127
190                android:value="com.google.firebase.components.ComponentRegistrar" />
190-->[com.google.firebase:firebase-installations:18.0.0] AndroidManifest.xml:20:17-82
191            <meta-data
191-->[com.google.firebase:firebase-appcheck:18.0.0] AndroidManifest.xml:25:13-27:85
192                android:name="com.google.firebase.components:com.google.firebase.appcheck.FirebaseAppCheckKtxRegistrar"
192-->[com.google.firebase:firebase-appcheck:18.0.0] AndroidManifest.xml:26:17-120
193                android:value="com.google.firebase.components.ComponentRegistrar" />
193-->[com.google.firebase:firebase-appcheck:18.0.0] AndroidManifest.xml:27:17-82
194            <meta-data
194-->[com.google.firebase:firebase-appcheck:18.0.0] AndroidManifest.xml:28:13-30:85
195                android:name="com.google.firebase.components:com.google.firebase.appcheck.FirebaseAppCheckRegistrar"
195-->[com.google.firebase:firebase-appcheck:18.0.0] AndroidManifest.xml:29:17-117
196                android:value="com.google.firebase.components.ComponentRegistrar" />
196-->[com.google.firebase:firebase-appcheck:18.0.0] AndroidManifest.xml:30:17-82
197            <meta-data
197-->[com.google.firebase:firebase-common-ktx:21.0.0] AndroidManifest.xml:12:13-14:85
198                android:name="com.google.firebase.components:com.google.firebase.ktx.FirebaseCommonLegacyRegistrar"
198-->[com.google.firebase:firebase-common-ktx:21.0.0] AndroidManifest.xml:13:17-116
199                android:value="com.google.firebase.components.ComponentRegistrar" />
199-->[com.google.firebase:firebase-common-ktx:21.0.0] AndroidManifest.xml:14:17-82
200            <meta-data
200-->[com.google.firebase:firebase-common:21.0.0] AndroidManifest.xml:35:13-37:85
201                android:name="com.google.firebase.components:com.google.firebase.FirebaseCommonKtxRegistrar"
201-->[com.google.firebase:firebase-common:21.0.0] AndroidManifest.xml:36:17-109
202                android:value="com.google.firebase.components.ComponentRegistrar" />
202-->[com.google.firebase:firebase-common:21.0.0] AndroidManifest.xml:37:17-82
203            <meta-data
203-->[com.google.firebase:firebase-datatransport:18.2.0] AndroidManifest.xml:25:13-27:85
204                android:name="com.google.firebase.components:com.google.firebase.datatransport.TransportRegistrar"
204-->[com.google.firebase:firebase-datatransport:18.2.0] AndroidManifest.xml:26:17-115
205                android:value="com.google.firebase.components.ComponentRegistrar" />
205-->[com.google.firebase:firebase-datatransport:18.2.0] AndroidManifest.xml:27:17-82
206        </service>
207        <service
207-->[:firebase_messaging] AndroidManifest.xml:14:9-17:72
208            android:name="io.flutter.plugins.firebase.messaging.FlutterFirebaseMessagingBackgroundService"
208-->[:firebase_messaging] AndroidManifest.xml:15:13-107
209            android:exported="false"
209-->[:firebase_messaging] AndroidManifest.xml:16:13-37
210            android:permission="android.permission.BIND_JOB_SERVICE" />
210-->[:firebase_messaging] AndroidManifest.xml:17:13-69
211        <service
211-->[:firebase_messaging] AndroidManifest.xml:18:9-24:19
212            android:name="io.flutter.plugins.firebase.messaging.FlutterFirebaseMessagingService"
212-->[:firebase_messaging] AndroidManifest.xml:19:13-97
213            android:exported="false" >
213-->[:firebase_messaging] AndroidManifest.xml:20:13-37
214            <intent-filter>
214-->[:firebase_messaging] AndroidManifest.xml:21:13-23:29
215                <action android:name="com.google.firebase.MESSAGING_EVENT" />
215-->[:firebase_messaging] AndroidManifest.xml:22:17-78
215-->[:firebase_messaging] AndroidManifest.xml:22:25-75
216            </intent-filter>
217        </service>
218
219        <receiver
219-->[:firebase_messaging] AndroidManifest.xml:26:9-33:20
220            android:name="io.flutter.plugins.firebase.messaging.FlutterFirebaseMessagingReceiver"
220-->[:firebase_messaging] AndroidManifest.xml:27:13-98
221            android:exported="true"
221-->[:firebase_messaging] AndroidManifest.xml:28:13-36
222            android:permission="com.google.android.c2dm.permission.SEND" >
222-->[:firebase_messaging] AndroidManifest.xml:29:13-73
223            <intent-filter>
223-->[:firebase_messaging] AndroidManifest.xml:30:13-32:29
224                <action android:name="com.google.android.c2dm.intent.RECEIVE" />
224-->[:firebase_messaging] AndroidManifest.xml:31:17-81
224-->[:firebase_messaging] AndroidManifest.xml:31:25-78
225            </intent-filter>
226        </receiver>
227
228        <provider
228-->[:firebase_messaging] AndroidManifest.xml:41:9-45:38
229            android:name="io.flutter.plugins.firebase.messaging.FlutterFirebaseMessagingInitProvider"
229-->[:firebase_messaging] AndroidManifest.xml:42:13-102
230            android:authorities="com.example.weddinghall.flutterfirebasemessaginginitprovider"
230-->[:firebase_messaging] AndroidManifest.xml:43:13-88
231            android:exported="false"
231-->[:firebase_messaging] AndroidManifest.xml:44:13-37
232            android:initOrder="99" />
232-->[:firebase_messaging] AndroidManifest.xml:45:13-35
233
234        <activity
234-->[com.google.firebase:firebase-auth:23.2.0] AndroidManifest.xml:29:9-46:20
235            android:name="com.google.firebase.auth.internal.GenericIdpActivity"
235-->[com.google.firebase:firebase-auth:23.2.0] AndroidManifest.xml:30:13-80
236            android:excludeFromRecents="true"
236-->[com.google.firebase:firebase-auth:23.2.0] AndroidManifest.xml:31:13-46
237            android:exported="true"
237-->[com.google.firebase:firebase-auth:23.2.0] AndroidManifest.xml:32:13-36
238            android:launchMode="singleTask"
238-->[com.google.firebase:firebase-auth:23.2.0] AndroidManifest.xml:33:13-44
239            android:theme="@android:style/Theme.Translucent.NoTitleBar" >
239-->[com.google.firebase:firebase-auth:23.2.0] AndroidManifest.xml:34:13-72
240            <intent-filter>
240-->[com.google.firebase:firebase-auth:23.2.0] AndroidManifest.xml:35:13-45:29
241                <action android:name="android.intent.action.VIEW" />
241-->src\main\AndroidManifest.xml:78:5-57
241-->src\main\AndroidManifest.xml:78:13-54
242
243                <category android:name="android.intent.category.DEFAULT" />
243-->[com.google.firebase:firebase-auth:23.2.0] AndroidManifest.xml:38:17-76
243-->[com.google.firebase:firebase-auth:23.2.0] AndroidManifest.xml:38:27-73
244                <category android:name="android.intent.category.BROWSABLE" />
244-->[com.google.firebase:firebase-auth:23.2.0] AndroidManifest.xml:39:17-78
244-->[com.google.firebase:firebase-auth:23.2.0] AndroidManifest.xml:39:27-75
245
246                <data
246-->src\main\AndroidManifest.xml:69:13-45
247                    android:host="firebase.auth"
248                    android:path="/"
249                    android:scheme="genericidp" />
249-->src\main\AndroidManifest.xml:69:19-42
250            </intent-filter>
251        </activity>
252        <activity
252-->[com.google.firebase:firebase-auth:23.2.0] AndroidManifest.xml:47:9-64:20
253            android:name="com.google.firebase.auth.internal.RecaptchaActivity"
253-->[com.google.firebase:firebase-auth:23.2.0] AndroidManifest.xml:48:13-79
254            android:excludeFromRecents="true"
254-->[com.google.firebase:firebase-auth:23.2.0] AndroidManifest.xml:49:13-46
255            android:exported="true"
255-->[com.google.firebase:firebase-auth:23.2.0] AndroidManifest.xml:50:13-36
256            android:launchMode="singleTask"
256-->[com.google.firebase:firebase-auth:23.2.0] AndroidManifest.xml:51:13-44
257            android:theme="@android:style/Theme.Translucent.NoTitleBar" >
257-->[com.google.firebase:firebase-auth:23.2.0] AndroidManifest.xml:52:13-72
258            <intent-filter>
258-->[com.google.firebase:firebase-auth:23.2.0] AndroidManifest.xml:53:13-63:29
259                <action android:name="android.intent.action.VIEW" />
259-->src\main\AndroidManifest.xml:78:5-57
259-->src\main\AndroidManifest.xml:78:13-54
260
261                <category android:name="android.intent.category.DEFAULT" />
261-->[com.google.firebase:firebase-auth:23.2.0] AndroidManifest.xml:38:17-76
261-->[com.google.firebase:firebase-auth:23.2.0] AndroidManifest.xml:38:27-73
262                <category android:name="android.intent.category.BROWSABLE" />
262-->[com.google.firebase:firebase-auth:23.2.0] AndroidManifest.xml:39:17-78
262-->[com.google.firebase:firebase-auth:23.2.0] AndroidManifest.xml:39:27-75
263
264                <data
264-->src\main\AndroidManifest.xml:69:13-45
265                    android:host="firebase.auth"
266                    android:path="/"
267                    android:scheme="recaptcha" />
267-->src\main\AndroidManifest.xml:69:19-42
268            </intent-filter>
269        </activity>
270
271        <receiver
271-->[com.google.firebase:firebase-messaging:24.1.1] AndroidManifest.xml:29:9-40:20
272            android:name="com.google.firebase.iid.FirebaseInstanceIdReceiver"
272-->[com.google.firebase:firebase-messaging:24.1.1] AndroidManifest.xml:30:13-78
273            android:exported="true"
273-->[com.google.firebase:firebase-messaging:24.1.1] AndroidManifest.xml:31:13-36
274            android:permission="com.google.android.c2dm.permission.SEND" >
274-->[com.google.firebase:firebase-messaging:24.1.1] AndroidManifest.xml:32:13-73
275            <intent-filter>
275-->[:firebase_messaging] AndroidManifest.xml:30:13-32:29
276                <action android:name="com.google.android.c2dm.intent.RECEIVE" />
276-->[:firebase_messaging] AndroidManifest.xml:31:17-81
276-->[:firebase_messaging] AndroidManifest.xml:31:25-78
277            </intent-filter>
278
279            <meta-data
279-->[com.google.firebase:firebase-messaging:24.1.1] AndroidManifest.xml:37:13-39:40
280                android:name="com.google.android.gms.cloudmessaging.FINISHED_AFTER_HANDLED"
280-->[com.google.firebase:firebase-messaging:24.1.1] AndroidManifest.xml:38:17-92
281                android:value="true" />
281-->[com.google.firebase:firebase-messaging:24.1.1] AndroidManifest.xml:39:17-37
282        </receiver>
283        <!--
284             FirebaseMessagingService performs security checks at runtime,
285             but set to not exported to explicitly avoid allowing another app to call it.
286        -->
287        <service
287-->[com.google.firebase:firebase-messaging:24.1.1] AndroidManifest.xml:46:9-53:19
288            android:name="com.google.firebase.messaging.FirebaseMessagingService"
288-->[com.google.firebase:firebase-messaging:24.1.1] AndroidManifest.xml:47:13-82
289            android:directBootAware="true"
289-->[com.google.firebase:firebase-messaging:24.1.1] AndroidManifest.xml:48:13-43
290            android:exported="false" >
290-->[com.google.firebase:firebase-messaging:24.1.1] AndroidManifest.xml:49:13-37
291            <intent-filter android:priority="-500" >
291-->[:firebase_messaging] AndroidManifest.xml:21:13-23:29
292                <action android:name="com.google.firebase.MESSAGING_EVENT" />
292-->[:firebase_messaging] AndroidManifest.xml:22:17-78
292-->[:firebase_messaging] AndroidManifest.xml:22:25-75
293            </intent-filter>
294        </service>
295
296        <activity
296-->[:url_launcher_android] AndroidManifest.xml:8:9-11:74
297            android:name="io.flutter.plugins.urllauncher.WebViewActivity"
297-->[:url_launcher_android] AndroidManifest.xml:9:13-74
298            android:exported="false"
298-->[:url_launcher_android] AndroidManifest.xml:10:13-37
299            android:theme="@android:style/Theme.NoTitleBar.Fullscreen" />
299-->[:url_launcher_android] AndroidManifest.xml:11:13-71
300
301        <uses-library
301-->[androidx.window:window:1.2.0] AndroidManifest.xml:23:9-25:40
302            android:name="androidx.window.extensions"